<?xml version="1.0" encoding="UTF-8"?>
<testsuite name="TestCase.TestCase" tests="3" skipped="0" failures="0" errors="0" timestamp="2020-06-20T15:18:26" hostname="SALMAN-PC" time="83.643">
  <properties/>
  <testcase name="doRegistration" classname="TestCase.TestCase" time="40.503"/>
  <testcase name="doLogin" classname="TestCase.TestCase" time="10.973"/>
  <testcase name="doPurchage" classname="TestCase.TestCase" time="32.16"/>
  <system-out><![CDATA[]]></system-out>
  <system-err><![CDATA[]]></system-err>
</testsuite>
